\BOOKMARK [0][-]{Doc-Start}{BISAG Certificate}{}% 1
\BOOKMARK [0][-]{Doc-Start}{Nirma Certificate}{}% 2
\BOOKMARK [0][-]{Doc-Start}{About the company}{}% 3
\BOOKMARK [0][-]{figure.0.4}{Acknowledgements}{}% 4
\BOOKMARK [0][-]{figure.0.4}{Abstract}{}% 5
\BOOKMARK [0][-]{chapter*.1}{List of Tables}{}% 6
\BOOKMARK [0][-]{chapter*.2}{List of Figures}{}% 7
\BOOKMARK [0][-]{chapter.1}{Introduction}{}% 8
\BOOKMARK [1][-]{section.1.1}{The System}{chapter.1}% 9
\BOOKMARK [2][-]{subsection.1.1.1}{Definition of System}{section.1.1}% 10
\BOOKMARK [2][-]{subsection.1.1.2}{Concerned Audiences And Users }{section.1.1}% 11
\BOOKMARK [2][-]{subsection.1.1.3}{Purpose and Objective}{section.1.1}% 12
\BOOKMARK [2][-]{subsection.1.1.4}{About Existing system}{section.1.1}% 13
\BOOKMARK [2][-]{subsection.1.1.5}{Proposed System}{section.1.1}% 14
\BOOKMARK [1][-]{section.1.2}{Project Profile}{chapter.1}% 15
\BOOKMARK [2][-]{subsection.1.2.1}{Project Title}{section.1.2}% 16
\BOOKMARK [2][-]{subsection.1.2.2}{Scope of Project}{section.1.2}% 17
\BOOKMARK [2][-]{subsection.1.2.3}{Project Team}{section.1.2}% 18
\BOOKMARK [2][-]{subsection.1.2.4}{Hardware/Software environment in company}{section.1.2}% 19
\BOOKMARK [2][-]{subsection.1.2.5}{Project plan}{section.1.2}% 20
\BOOKMARK [0][-]{chapter.2}{System Analysis}{}% 21
\BOOKMARK [1][-]{section.2.1}{Feasibility Study}{chapter.2}% 22
\BOOKMARK [2][-]{subsection.2.1.1}{Technical feasibility}{section.2.1}% 23
\BOOKMARK [2][-]{subsection.2.1.2}{Economic feasibility}{section.2.1}% 24
\BOOKMARK [2][-]{subsection.2.1.3}{Operational feasibility}{section.2.1}% 25
\BOOKMARK [2][-]{subsection.2.1.4}{Social feasibility}{section.2.1}% 26
\BOOKMARK [2][-]{subsection.2.1.5}{Legal feasibility}{section.2.1}% 27
\BOOKMARK [2][-]{subsection.2.1.6}{Time feasibility}{section.2.1}% 28
\BOOKMARK [1][-]{section.2.2}{Requirement Analysis}{chapter.2}% 29
\BOOKMARK [2][-]{subsection.2.2.1}{Facts finding techniques}{section.2.2}% 30
\BOOKMARK [0][-]{chapter.3}{System Diagram}{}% 31
\BOOKMARK [0][-]{chapter.4}{Application Development}{}% 32
\BOOKMARK [1][-]{section.4.1}{UTILITIES}{chapter.4}% 33
\BOOKMARK [1][-]{section.4.2}{Gujarati Dictionary}{chapter.4}% 34
\BOOKMARK [2][-]{subsection.4.2.1}{Purpose}{section.4.2}% 35
\BOOKMARK [2][-]{subsection.4.2.2}{Current Alternative Application}{section.4.2}% 36
\BOOKMARK [2][-]{subsection.4.2.3}{Porting System}{section.4.2}% 37
\BOOKMARK [2][-]{subsection.4.2.4}{Component of Dictionary Development}{section.4.2}% 38
\BOOKMARK [2][-]{subsection.4.2.5}{Dictionary back end}{section.4.2}% 39
\BOOKMARK [0][-]{chapter.5}{User Manuals}{}% 40
\BOOKMARK [0][-]{chapter.6}{Testing}{}% 41
\BOOKMARK [0][-]{chapter.7}{Future Enhancement}{}% 42
\BOOKMARK [0][-]{chapter.8}{Appendix}{}% 43
\BOOKMARK [1][-]{section.8.1}{Technology Used}{chapter.8}% 44
\BOOKMARK [2][-]{subsection.8.1.1}{Ubuntu Minimal}{section.8.1}% 45
\BOOKMARK [1][-]{section.8.2}{Tools Used}{chapter.8}% 46
\BOOKMARK [2][-]{subsection.8.2.1}{Build essential package}{section.8.2}% 47
\BOOKMARK [2][-]{subsection.8.2.2}{chroot environment}{section.8.2}% 48
\BOOKMARK [2][-]{subsection.8.2.3}{UCK}{section.8.2}% 49
\BOOKMARK [0][-]{chapter.9}{Summary and Conclusion}{}% 50
\BOOKMARK [1][-]{section.9.1}{Summary}{chapter.9}% 51
\BOOKMARK [1][-]{section.9.2}{Conclusion}{chapter.9}% 52
\BOOKMARK [0][-]{section.9.2}{Bibliography}{}% 53
