This is pdfTeX, Version 3.1415926-2.4-1.40.13 (TeX Live 2012/Debian) (format=pdflatex 2013.4.4)  23 APR 2013 08:36
entering extended mode
 restricted \write18 enabled.
 %&-line parsing enabled.
**main.tex
(./main.tex
LaTeX2e <2011/06/27>
Babel <v3.8m> and hyphenation patterns for english, dumylang, nohyphenation, lo
aded.
(/usr/share/texlive/texmf-dist/tex/latex/base/report.cls
Document Class: report 2007/10/19 v1.4h Standard LaTeX document class
(/usr/share/texlive/texmf-dist/tex/latex/base/size12.clo
File: size12.clo 2007/10/19 v1.4h Standard LaTeX file (size option)
)
\c@part=\count79
\c@chapter=\count80
\c@section=\count81
\c@subsection=\count82
\c@subsubsection=\count83
\c@paragraph=\count84
\c@subparagraph=\count85
\c@figure=\count86
\c@table=\count87
\abovecaptionskip=\skip41
\belowcaptionskip=\skip42
\bibindent=\dimen102
)
(/usr/share/texlive/texmf-dist/tex/latex/graphics/graphicx.sty
Package: graphicx 1999/02/16 v1.0f Enhanced LaTeX Graphics (DPC,SPQR)

(/usr/share/texlive/texmf-dist/tex/latex/graphics/keyval.sty
Package: keyval 1999/03/16 v1.13 key=value parser (DPC)
\KV@toks@=\toks14
)
(/usr/share/texlive/texmf-dist/tex/latex/graphics/graphics.sty
Package: graphics 2009/02/05 v1.0o Standard LaTeX Graphics (DPC,SPQR)

(/usr/share/texlive/texmf-dist/tex/latex/graphics/trig.sty
Package: trig 1999/03/16 v1.09 sin cos tan (DPC)
)
(/usr/share/texlive/texmf-dist/tex/latex/latexconfig/graphics.cfg
File: graphics.cfg 2010/04/23 v1.9 graphics configuration of TeX Live
)
Package graphics Info: Driver file: pdftex.def on input line 91.

(/usr/share/texlive/texmf-dist/tex/latex/pdftex-def/pdftex.def
File: pdftex.def 2011/05/27 v0.06d Graphics/color for pdfTeX

(/usr/share/texlive/texmf-dist/tex/generic/oberdiek/infwarerr.sty
Package: infwarerr 2010/04/08 v1.3 Providing info/warning/error messages (HO)
)
(/usr/share/texlive/texmf-dist/tex/generic/oberdiek/ltxcmds.sty
Package: ltxcmds 2011/11/09 v1.22 LaTeX kernel commands for general use (HO)
)
\Gread@gobject=\count88
))
\Gin@req@height=\dimen103
\Gin@req@width=\dimen104
)
(/usr/share/texlive/texmf-dist/tex/latex/amscls/amsthm.sty
Package: amsthm 2009/07/02 v2.20.1
\thm@style=\toks15
\thm@bodyfont=\toks16
\thm@headfont=\toks17
\thm@notefont=\toks18
\thm@headpunct=\toks19
\thm@preskip=\skip43
\thm@postskip=\skip44
\thm@headsep=\skip45
\dth@everypar=\toks20
)
(/usr/share/texlive/texmf-dist/tex/latex/amsfonts/amssymb.sty
Package: amssymb 2009/06/22 v3.00

(/usr/share/texlive/texmf-dist/tex/latex/amsfonts/amsfonts.sty
Package: amsfonts 2009/06/22 v3.00 Basic AMSFonts support
\@emptytoks=\toks21
\symAMSa=\mathgroup4
\symAMSb=\mathgroup5
LaTeX Font Info:    Overwriting math alphabet `\mathfrak' in version `bold'
(Font)                  U/euf/m/n --> U/euf/b/n on input line 96.
))
(./rotating.sty
Package: rotating 1995/08/22 2.10 Rotation package
 (/usr/share/texlive/texmf-dist/tex/latex/base/ifthen.sty
Package: ifthen 2001/05/26 v1.1c Standard LaTeX ifthen package (DPC)
)
\r@tfl@t=\count89
\rot@float@box=\box26
)
(/usr/share/texlive/texmf-dist/tex/latex/tools/enumerate.sty
Package: enumerate 1999/03/05 v3.00 enumerate extensions (DPC)
\@enLab=\toks22
)
(/usr/share/texlive/texmf-dist/tex/latex/graphics/epsfig.sty
Package: epsfig 1999/02/16 v1.7a (e)psfig emulation (SPQR)
\epsfxsize=\dimen105
\epsfysize=\dimen106
) (./algorithms.sty
\c@algorithm=\count90
\c@algorithmline=\count91
\linelabelwidth=\skip46
\margindistance=\skip47
\commenttab=\skip48
\Blockindent=\skip49
\algosbox=\box27
\algosboxwidth=\skip50
\algototab=\skip51
\algorithmindent=\skip52
) (/usr/share/texlive/texmf-dist/tex/latex/base/makeidx.sty
Package: makeidx 2000/03/29 v1.0m Standard LaTeX package
)
(/usr/share/texlive/texmf-dist/tex/latex/hyperref/hyperref.sty
Package: hyperref 2012/05/13 v6.82q Hypertext links for LaTeX

(/usr/share/texlive/texmf-dist/tex/generic/oberdiek/hobsub-hyperref.sty
Package: hobsub-hyperref 2012/05/28 v1.13 Bundle oberdiek, subset hyperref (HO)


(/usr/share/texlive/texmf-dist/tex/generic/oberdiek/hobsub-generic.sty
Package: hobsub-generic 2012/05/28 v1.13 Bundle oberdiek, subset generic (HO)
Package: hobsub 2012/05/28 v1.13 Construct package bundles (HO)
Package hobsub Info: Skipping package `infwarerr' (already loaded).
Package hobsub Info: Skipping package `ltxcmds' (already loaded).
Package: ifluatex 2010/03/01 v1.3 Provides the ifluatex switch (HO)
Package ifluatex Info: LuaTeX not detected.
Package: ifvtex 2010/03/01 v1.5 Detect VTeX and its facilities (HO)
Package ifvtex Info: VTeX not detected.
Package: intcalc 2007/09/27 v1.1 Expandable calculations with integers (HO)
Package: ifpdf 2011/01/30 v2.3 Provides the ifpdf switch (HO)
Package ifpdf Info: pdfTeX in PDF mode is detected.
Package: etexcmds 2011/02/16 v1.5 Avoid name clashes with e-TeX commands (HO)
Package etexcmds Info: Could not find \expanded.
(etexcmds)             That can mean that you are not using pdfTeX 1.50 or
(etexcmds)             that some package has redefined \expanded.
(etexcmds)             In the latter case, load this package earlier.
Package: kvsetkeys 2012/04/25 v1.16 Key value parser (HO)
Package: kvdefinekeys 2011/04/07 v1.3 Define keys (HO)
Package: pdftexcmds 2011/11/29 v0.20 Utility functions of pdfTeX for LuaTeX (HO
)
Package pdftexcmds Info: LuaTeX not detected.
Package pdftexcmds Info: \pdf@primitive is available.
Package pdftexcmds Info: \pdf@ifprimitive is available.
Package pdftexcmds Info: \pdfdraftmode found.
Package: pdfescape 2011/11/25 v1.13 Implements pdfTeX's escape features (HO)
Package: bigintcalc 2012/04/08 v1.3 Expandable calculations on big integers (HO
)
Package: bitset 2011/01/30 v1.1 Handle bit-vector datatype (HO)
Package: uniquecounter 2011/01/30 v1.2 Provide unlimited unique counter (HO)
)
Package hobsub Info: Skipping package `hobsub' (already loaded).
Package: letltxmacro 2010/09/02 v1.4 Let assignment for LaTeX macros (HO)
Package: hopatch 2012/05/28 v1.2 Wrapper for package hooks (HO)
Package: xcolor-patch 2011/01/30 xcolor patch
Package: atveryend 2011/06/30 v1.8 Hooks at the very end of document (HO)
Package atveryend Info: \enddocument detected (standard20110627).
Package: atbegshi 2011/10/05 v1.16 At begin shipout hook (HO)
Package: refcount 2011/10/16 v3.4 Data extraction from label references (HO)
Package: hycolor 2011/01/30 v1.7 Color options for hyperref/bookmark (HO)
)
(/usr/share/texlive/texmf-dist/tex/generic/ifxetex/ifxetex.sty
Package: ifxetex 2010/09/12 v0.6 Provides ifxetex conditional
)
(/usr/share/texlive/texmf-dist/tex/latex/oberdiek/kvoptions.sty
Package: kvoptions 2011/06/30 v3.11 Key value format for package options (HO)
)
\@linkdim=\dimen107
\Hy@linkcounter=\count92
\Hy@pagecounter=\count93

(/usr/share/texlive/texmf-dist/tex/latex/hyperref/pd1enc.def
File: pd1enc.def 2012/05/13 v6.82q Hyperref: PDFDocEncoding definition (HO)
)
\Hy@SavedSpaceFactor=\count94

(/usr/share/texlive/texmf-dist/tex/latex/latexconfig/hyperref.cfg
File: hyperref.cfg 2002/06/06 v1.2 hyperref configuration of TeXLive
)
Package hyperref Info: Hyper figures OFF on input line 4062.
Package hyperref Info: Link nesting OFF on input line 4067.
Package hyperref Info: Hyper index ON on input line 4070.
Package hyperref Info: Plain pages OFF on input line 4077.
Package hyperref Info: Backreferencing OFF on input line 4082.
Package hyperref Info: Implicit mode ON; LaTeX internals redefined.
Package hyperref Info: Bookmarks ON on input line 4300.
\c@Hy@tempcnt=\count95

(/usr/share/texlive/texmf-dist/tex/latex/url/url.sty
\Urlmuskip=\muskip10
Package: url 2006/04/12  ver 3.3  Verb mode for urls, etc.
)
LaTeX Info: Redefining \url on input line 4653.
\Fld@menulength=\count96
\Field@Width=\dimen108
\Fld@charsize=\dimen109
Package hyperref Info: Hyper figures OFF on input line 5773.
Package hyperref Info: Link nesting OFF on input line 5778.
Package hyperref Info: Hyper index ON on input line 5781.
Package hyperref Info: backreferencing OFF on input line 5788.
Package hyperref Info: Link coloring OFF on input line 5793.
Package hyperref Info: Link coloring with OCG OFF on input line 5798.
Package hyperref Info: PDF/A mode OFF on input line 5803.
LaTeX Info: Redefining \ref on input line 5843.
LaTeX Info: Redefining \pageref on input line 5847.
\Hy@abspage=\count97
\c@Item=\count98
\c@Hfootnote=\count99
)

Package hyperref Message: Driver (autodetected): hpdftex.

(/usr/share/texlive/texmf-dist/tex/latex/hyperref/hpdftex.def
File: hpdftex.def 2012/05/13 v6.82q Hyperref driver for pdfTeX
\Fld@listcount=\count100
\c@bookmark@seq@number=\count101

(/usr/share/texlive/texmf-dist/tex/latex/oberdiek/rerunfilecheck.sty
Package: rerunfilecheck 2011/04/15 v1.7 Rerun checks for auxiliary files (HO)
Package uniquecounter Info: New unique counter `rerunfilecheck' on input line 2
82.
)
\Hy@SectionHShift=\skip53
)
(./setspace.sty)
\@indexfile=\write3
\openout3 = `main.idx'.


Writing index file main.idx
(./main.aux (./Introduction.aux) (./Usecase.aux) (./usermanual.aux) (./ch4.aux)
)
\openout1 = `main.aux'.

LaTeX Font Info:    Checking defaults for OML/cmm/m/it on input line 42.
LaTeX Font Info:    ... okay on input line 42.
LaTeX Font Info:    Checking defaults for T1/cmr/m/n on input line 42.
LaTeX Font Info:    ... okay on input line 42.
LaTeX Font Info:    Checking defaults for OT1/cmr/m/n on input line 42.
LaTeX Font Info:    ... okay on input line 42.
LaTeX Font Info:    Checking defaults for OMS/cmsy/m/n on input line 42.
LaTeX Font Info:    ... okay on input line 42.
LaTeX Font Info:    Checking defaults for OMX/cmex/m/n on input line 42.
LaTeX Font Info:    ... okay on input line 42.
LaTeX Font Info:    Checking defaults for U/cmr/m/n on input line 42.
LaTeX Font Info:    ... okay on input line 42.
LaTeX Font Info:    Checking defaults for PD1/pdf/m/n on input line 42.
LaTeX Font Info:    ... okay on input line 42.
 (/usr/share/texlive/texmf-dist/tex/context/base/supp-pdf.mkii
[Loading MPS to PDF converter (version 2006.09.02).]
\scratchcounter=\count102
\scratchdimen=\dimen110
\scratchbox=\box28
\nofMPsegments=\count103
\nofMParguments=\count104
\everyMPshowfont=\toks23
\MPscratchCnt=\count105
\MPscratchDim=\dimen111
\MPnumerator=\count106
\makeMPintoPDFobject=\count107
\everyMPtoPDFconversion=\toks24
) (/usr/share/texlive/texmf-dist/tex/latex/oberdiek/epstopdf-base.sty
Package: epstopdf-base 2010/02/09 v2.5 Base part for package epstopdf

(/usr/share/texlive/texmf-dist/tex/latex/oberdiek/grfext.sty
Package: grfext 2010/08/19 v1.1 Manage graphics extensions (HO)
)
Package grfext Info: Graphics extension search list:
(grfext)             [.pdf,.jpeg,.png,.jpg,.eps]
(grfext)             \AppendGraphicsExtensions on input line 452.

(/usr/share/texlive/texmf-dist/tex/latex/latexconfig/epstopdf-sys.cfg
File: epstopdf-sys.cfg 2010/07/13 v1.3 Configuration of (r)epstopdf for TeX Liv
e
))
\AtBeginShipoutBox=\box29
Package hyperref Info: Link coloring OFF on input line 42.

(/usr/share/texlive/texmf-dist/tex/latex/hyperref/nameref.sty
Package: nameref 2010/04/30 v2.40 Cross-referencing by name of section

(/usr/share/texlive/texmf-dist/tex/generic/oberdiek/gettitlestring.sty
Package: gettitlestring 2010/12/03 v1.4 Cleanup title references (HO)
)
\c@section@level=\count108
)
LaTeX Info: Redefining \ref on input line 42.
LaTeX Info: Redefining \pageref on input line 42.
LaTeX Info: Redefining \nameref on input line 42.

(./main.out) (./main.out)
\@outlinefile=\write4
\openout4 = `main.out'.

 (./coverpages.tex
<Bisag.png, id=213, 202.50656pt x 117.43875pt>
File: Bisag.png Graphic file (type png)
 <use Bisag.png>
Package pdftex.def Info: Bisag.png used on input line 15.
(pdftex.def)             Requested size: 95.17809pt x 55.19621pt.
LaTeX Font Info:    Try loading font information for U+msa on input line 26.

(/usr/share/texlive/texmf-dist/tex/latex/amsfonts/umsa.fd
File: umsa.fd 2009/06/22 v3.00 AMS symbols A
)
LaTeX Font Info:    Try loading font information for U+msb on input line 26.

(/usr/share/texlive/texmf-dist/tex/latex/amsfonts/umsb.fd
File: umsb.fd 2009/06/22 v3.00 AMS symbols B
)
<NirmaLogo.png, id=215, 172.645pt x 62.2325pt>
File: NirmaLogo.png Graphic file (type png)
 <use NirmaLogo.png>
Package pdftex.def Info: NirmaLogo.png used on input line 45.
(pdftex.def)             Requested size: 69.05676pt x 24.89255pt.
 [1

{/var/lib/texmf/fonts/map/pdftex/updmap/pdftex.map} <./Bisag.png> <./NirmaLogo.
png>]
File: Bisag.png Graphic file (type png)

<use Bisag.png>
Package pdftex.def Info: Bisag.png used on input line 66.
(pdftex.def)             Requested size: 91.12709pt x 52.84694pt.


pdfTeX warning: pdflatex (file ./NirmaLogo.pdf): PDF inclusion: found PDF versi
on <1.6>, but at most version <1.5> allowed
<NirmaLogo.pdf, id=223, 172.645pt x 72.27pt>
File: NirmaLogo.pdf Graphic file (type pdf)
 <use NirmaLogo.pdf>
Package pdftex.def Info: NirmaLogo.pdf used on input line 92.
(pdftex.def)             Requested size: 69.05676pt x 28.90747pt.
 [2 <./NirmaLogo.pdf>] <BisagLogo.png, id=230, 512.66531pt x 137.01187pt>
File: BisagLogo.png Graphic file (type png)
 <use BisagLogo.png>
Package pdftex.def Info: BisagLogo.png used on input line 106.
(pdftex.def)             Requested size: 512.66405pt x 137.01154pt.

Overfull \hbox (79.04405pt too wide) in paragraph at lines 106--107
 [] 
 []

Missing character: There is no ‚ in font cmr12!
Missing character: There is no Ä in font cmr12!
Missing character: There is no ú in font cmr12!
Missing character: There is no Ä in font cmr12!
Missing character: There is no ù in font cmr12!

Overfull \hbox (8.9037pt too wide) in paragraph at lines 116--120
\OT1/cmr/m/n/12 This is to cer-tify that the project re-port com-piled by \OT1/
cmr/bx/n/12 Mr Arpan Chavda(09BCE006)
 []

[3 <./BisagLogo.png>] [4] <Campus.png, id=240, 441.14813pt x 173.14688pt>
File: Campus.png Graphic file (type png)

<use Campus.png>
Package pdftex.def Info: Campus.png used on input line 170.
(pdftex.def)             Requested size: 441.14705pt x 173.14645pt.

Overfull \hbox (7.52705pt too wide) in paragraph at lines 170--170
 [] 
 []

Missing character: There is no ‚ in font cmr12!
Missing character: There is no Ä in font cmr12!
Missing character: There is no ô in font cmr12!
<BisagProfile1.png, id=241, 366.61969pt x 252.19218pt>
File: BisagProfile1.png Graphic file (type png)
 <use BisagProfile1.png>
Package pdftex.def Info: BisagProfile1.png used on input line 183.
(pdftex.def)             Requested size: 366.61879pt x 252.19156pt.
Missing character: There is no ‚ in font cmr12!
Missing character: There is no Ä in font cmr12!
Missing character: There is no ô in font cmr12!

Underfull \hbox (badness 10000) in paragraph at lines 177--190

 []

[5 <./Campus.png>]
LaTeX Font Info:    Try loading font information for OMS+cmr on input line 192.

 (/usr/share/texlive/texmf-dist/tex/latex/base/omscmr.fd
File: omscmr.fd 1999/05/25 v2.5h Standard LaTeX font definitions
)
LaTeX Font Info:    Font shape `OMS/cmr/m/n' in size <12> not available
(Font)              Font shape `OMS/cmsy/m/n' tried instead on input line 192.

[6 <./BisagProfile1.png>]
Overfull \hbox (13.87614pt too wide) in paragraph at lines 200--201
[]\OT1/cmr/bx/n/12 Global Nav-i-ga-tion Satel-lite Sys-tem : \OT1/cmr/m/n/12 Lo
-ca-tion based ser-vices, geo-referencing,
 []

[7] <BisagProfile2.png, id=260, 458.46281pt x 305.64188pt>
File: BisagProfile2.png Graphic file (type png)

<use BisagProfile2.png>
Package pdftex.def Info: BisagProfile2.png used on input line 226.
(pdftex.def)             Requested size: 458.46169pt x 305.64111pt.

Overfull \hbox (24.84169pt too wide) in paragraph at lines 226--226
 [] 
 []


LaTeX Warning: `h' float specifier changed to `ht'.

<BisagProfile3.png, id=261, 450.18187pt x 380.92313pt>
File: BisagProfile3.png Graphic file (type png)
 <use BisagProfile3.png>
Package pdftex.def Info: BisagProfile3.png used on input line 239.
(pdftex.def)             Requested size: 450.18077pt x 380.92218pt.

Overfull \hbox (16.56078pt too wide) in paragraph at lines 239--239
 [] 
 []


Overfull \hbox (14.90768pt too wide) in paragraph at lines 230--246
\OT1/cmr/bx/n/12 Institutional Strength-en-ing \OT1/cmr/m/n/12 BISAG has achiev
ed in-sti-tu-tional strength-en-ing through: 
 []

[8]

LaTeX Warning: `h' float specifier changed to `ht'.

[9 <./BisagProfile2.png>] [10 <./BisagProfile3.png>] [11]
Underfull \hbox (badness 10000) in paragraph at lines 265--275

 []

[12]
Missing character: There is no ‚ in font cmbx12!
Missing character: There is no Ä in font cmbx12!
Missing character: There is no ô in font cmbx12!
Missing character: There is no ‚ in font cmbx12!
Missing character: There is no Ä in font cmbx12!
Missing character: There is no ú in font cmbx12!
Missing character: There is no ‚ in font cmbx12!
Missing character: There is no Ä in font cmbx12!
Missing character: There is no ù in font cmbx12!
Missing character: There is no ‚ in font cmr12!
Missing character: There is no Ä in font cmr12!
Missing character: There is no ô in font cmr12!
Missing character: There is no ‚ in font cmr12!
Missing character: There is no Ä in font cmr12!
Missing character: There is no ô in font cmr12!

Overfull \hbox (9.5011pt too wide) in paragraph at lines 281--300
\OT1/cmr/m/n/12 We de-clare that fi-nal semester re-port en-ti-tled \OT1/cmr/bx
/n/12 DE-VEL-OP-MENT OF GNU/LINUX
 []


Underfull \hbox (badness 10000) in paragraph at lines 281--300

 []

[13]
Missing character: There is no ‚ in font cmr12!
Missing character: There is no Ä in font cmr12!
Missing character: There is no ù in font cmr12!
 [14]
Overfull \hbox (13.71939pt too wide) in paragraph at lines 333--334
\OT1/cmr/m/n/12 Dis-tri-bu-tion namely \OT1/cmr/bx/n/12 DM-Linux\OT1/cmr/m/n/12
 (\OT1/cmr/bx/n/12 D\OT1/cmr/m/n/12 evelopers \OT1/cmr/bx/n/12 M\OT1/cmr/m/n/12
 ono \OT1/cmr/bx/n/12 L\OT1/cmr/m/n/12 inux) orig-i-nally forked form Ubuntu
 []

) [15] (./main.toc [16

])
\tf@toc=\write5
\openout5 = `main.toc'.

 [17] (./main.lot)
\tf@lot=\write6
\openout6 = `main.lot'.

 [18

] (./main.lof [19

])
\tf@lof=\write7
\openout7 = `main.lof'.

 [1]
\openout2 = `Introduction.aux'.


(./Introduction.tex
Chapter 1.
Missing character: There is no ù in font cmr12!

Underfull \hbox (badness 10000) in paragraph at lines 5--7

 []


Underfull \hbox (badness 10000) in paragraph at lines 7--8

 []

Missing character: There is no í in font cmr12!

Underfull \hbox (badness 10000) in paragraph at lines 9--10

 []


Underfull \hbox (badness 10000) in paragraph at lines 11--12

 []


Underfull \hbox (badness 10000) in paragraph at lines 13--15

 []

[2


]
Underfull \hbox (badness 10000) in paragraph at lines 19--21

 []

Missing character: There is no í in font cmr12!
Missing character: There is no í in font cmr12!
[3]
Overfull \hbox (19.63376pt too wide) in paragraph at lines 74--75
[]\OT1/cmr/m/n/12 This mod-ule con-tains all core files means Ker-nel,device dr
ivers,network
 []

[4] [5]
Overfull \hbox (19.63376pt too wide) in paragraph at lines 125--128
[]\OT1/cmr/m/n/12 This mod-ule con-tains all core files means Ker-nel,device dr
ivers,network
 []

[6] [7] [8] <gantt1.png, id=496, 647.41875pt x 314.17375pt>
File: gantt1.png Graphic file (type png)
 <use gantt1.png>
Package pdftex.def Info: gantt1.png used on input line 228.
(pdftex.def)             Requested size: 388.45424pt x 188.50569pt.

<gantt2.png, id=497, 959.585pt x 248.93pt>
File: gantt2.png Graphic file (type png)
 <use gantt2.png>
Package pdftex.def Info: gantt2.png used on input line 235.
(pdftex.def)             Requested size: 383.8272pt x 99.57022pt.


LaTeX Warning: `h' float specifier changed to `ht'.

[9 <./gantt1.png>] [10 <./gantt2.png>]
Chapter 2.
[11

] [12]
Missing character: There is no ‚ in font cmr12!
Missing character: There is no Ä in font cmr12!
Missing character: There is no ô in font cmr12!
Missing character: There is no ‚ in font cmr12!
Missing character: There is no Ä in font cmr12!
Missing character: There is no ô in font cmr12!
 [13] [14]
Missing character: There is no ‚ in font cmr12!
Missing character: There is no Ä in font cmr12!
Missing character: There is no ô in font cmr12!
 [15] [16]) [17]
\openout2 = `Usecase.aux'.

 (./Usecase.tex
Chapter 3.
<core.png, id=546, 629.35126pt x 415.5525pt>
File: core.png Graphic file (type png)
 <use core.png>
Package pdftex.def Info: core.png used on input line 5.
(pdftex.def)             Requested size: 503.48169pt x 332.44244pt.

Overfull \hbox (69.8617pt too wide) in paragraph at lines 5--6
 [] 
 []

<dir.jpg, id=547, 586.19pt x 475.7775pt>
File: dir.jpg Graphic file (type jpg)
 <use dir.jpg>
Package pdftex.def Info: dir.jpg used on input line 12.
(pdftex.def)             Requested size: 322.40549pt x 261.67842pt.


LaTeX Warning: `h' float specifier changed to `ht'.

[18



 <./core.png>] [19 <./dir.jpg>]
Chapter 4.
<aoutil.png, id=557, 427.5975pt x 642.90187pt>
File: aoutil.png Graphic file (type png)
 <use aoutil.png>
Package pdftex.def Info: aoutil.png used on input line 28.
(pdftex.def)             Requested size: 342.07846pt x 514.32219pt.


LaTeX Warning: `h' float specifier changed to `ht'.

[20

] [21]) [22] [23 <./aoutil.png>]
\openout2 = `usermanual.aux'.

 (./usermanual.tex
Chapter 5.
<1.png, id=581, 1371.1225pt x 770.88pt>
File: 1.png Graphic file (type png)
 <use 1.png>
Package pdftex.def Info: 1.png used on input line 6.
(pdftex.def)             Requested size: 452.47182pt x 254.39119pt.

Overfull \hbox (18.85182pt too wide) in paragraph at lines 6--7
 [] 
 []


Overfull \hbox (11.78238pt too wide) in paragraph at lines 10--11
[]\OT1/cmr/m/n/12 Description: Above is the Desk-top of DM-Linux Op-er-at-ing s
ys-tem.It fea-ture GNOME
 []

[24



 <./1.png>] <2.png, id=587, 1371.1225pt x 770.88pt>
File: 2.png Graphic file (type png)
 <use 2.png>
Package pdftex.def Info: 2.png used on input line 16.
(pdftex.def)             Requested size: 452.47182pt x 254.39119pt.

Overfull \hbox (18.85182pt too wide) in paragraph at lines 16--17
 [] 
 []

[25 <./2.png>] <3.png, id=592, 1371.1225pt x 770.88pt>
File: 3.png Graphic file (type png)
 <use 3.png>
Package pdftex.def Info: 3.png used on input line 26.
(pdftex.def)             Requested size: 452.47182pt x 254.39119pt.

Overfull \hbox (18.85182pt too wide) in paragraph at lines 26--27
 [] 
 []

[26 <./3.png>] <4.png, id=597, 797.98125pt x 588.1975pt>
File: 4.png Graphic file (type png)
 <use 4.png>
Package pdftex.def Info: 4.png used on input line 38.
(pdftex.def)             Requested size: 319.18684pt x 235.27483pt.
 [27 <./4.png>] <5.png, id=602, 797.98125pt x 588.1975pt>
File: 5.png Graphic file (type png)
 <use 5.png>
Package pdftex.def Info: 5.png used on input line 48.
(pdftex.def)             Requested size: 319.18684pt x 235.27483pt.
 [28 <./5.png>]
<6.png, id=607, 579.16376pt x 481.8pt>
File: 6.png Graphic file (type png)
 <use 6.png>
Package pdftex.def Info: 6.png used on input line 57.
(pdftex.def)             Requested size: 231.66139pt x 192.71658pt.
 [29 <./6.png>]
<7.png, id=612, 783.92876pt x 500.87125pt>
File: 7.png Graphic file (type png)
 <use 7.png>
Package pdftex.def Info: 7.png used on input line 67.
(pdftex.def)             Requested size: 313.56595pt x 200.34494pt.
 [30 <./7.png>]
<8.png, id=618, 1371.1225pt x 770.88pt>
File: 8.png Graphic file (type png)
 <use 8.png>
Package pdftex.def Info: 8.png used on input line 78.
(pdftex.def)             Requested size: 452.47182pt x 254.39119pt.

Overfull \hbox (18.85182pt too wide) in paragraph at lines 78--79
 [] 
 []

[31 <./8.png>] <9.png, id=623, 738.76pt x 614.295pt>
File: 9.png Graphic file (type png)
 <use 9.png>
Package pdftex.def Info: 9.png used on input line 87.
(pdftex.def)             Requested size: 295.49875pt x 245.71364pt.
 [32 <./9.png>] <10.png, id=628, 1371.1225pt x 770.88pt>
File: 10.png Graphic file (type png)
 <use 10.png>
Package pdftex.def Info: 10.png used on input line 96.
(pdftex.def)             Requested size: 452.47182pt x 254.39119pt.

Overfull \hbox (18.85182pt too wide) in paragraph at lines 96--97
 [] 
 []

[33 <./10.png>] <11.png, id=633, 1371.1225pt x 746.79pt>
File: 11.png Graphic file (type png)
 <use 11.png>
Package pdftex.def Info: 11.png used on input line 107.
(pdftex.def)             Requested size: 452.47182pt x 246.44145pt.

Overfull \hbox (18.85182pt too wide) in paragraph at lines 107--108
 [] 
 []

[34 <./11.png>] <12.png, id=638, 1371.1225pt x 770.88pt>
File: 12.png Graphic file (type png)
 <use 12.png>
Package pdftex.def Info: 12.png used on input line 117.
(pdftex.def)             Requested size: 452.47182pt x 254.39119pt.

Overfull \hbox (18.85182pt too wide) in paragraph at lines 117--118
 [] 
 []

[35 <./12.png>] <13.png, id=643, 868.24374pt x 628.3475pt>
File: 13.png Graphic file (type png)
 <use 13.png>
Package pdftex.def Info: 13.png used on input line 128.
(pdftex.def)             Requested size: 347.29134pt x 251.33455pt.

[36 <./13.png>] <14.png, id=650, 1371.1225pt x 746.79pt>
File: 14.png Graphic file (type png)
 <use 14.png>
Package pdftex.def Info: 14.png used on input line 138.
(pdftex.def)             Requested size: 452.47182pt x 246.44145pt.

Overfull \hbox (18.85182pt too wide) in paragraph at lines 138--139
 [] 
 []

[37 <./14.png>] <15.png, id=655, 1371.1225pt x 746.79pt>
File: 15.png Graphic file (type png)
 <use 15.png>
Package pdftex.def Info: 15.png used on input line 148.
(pdftex.def)             Requested size: 452.47182pt x 246.44145pt.

Overfull \hbox (18.85182pt too wide) in paragraph at lines 148--149
 [] 
 []

[38 <./15.png>] <16.png, id=660, 361.35pt x 602.25pt>
File: 16.png Graphic file (type png)
 <use 16.png>
Package pdftex.def Info: 16.png used on input line 158.
(pdftex.def)             Requested size: 242.10324pt x 403.5054pt.
 [39 <./16.png>] <17.png, id=665, 629.35126pt x 269.005pt>
File: 17.png Graphic file (type png)
 <use 17.png>
Package pdftex.def Info: 17.png used on input line 167.
(pdftex.def)             Requested size: 409.07347pt x 174.85117pt.

<18.png, id=666, 303.1325pt x 226.8475pt>
File: 18.png Graphic file (type png)
 <use 18.png>
Package pdftex.def Info: 18.png used on input line 175.
(pdftex.def)             Requested size: 239.47205pt x 179.20755pt.


LaTeX Warning: `h' float specifier changed to `ht'.

<19.png, id=667, 244.915pt x 303.1325pt>
File: 19.png Graphic file (type png)
 <use 19.png>
Package pdftex.def Info: 19.png used on input line 184.
(pdftex.def)             Requested size: 193.48071pt x 239.47205pt.


LaTeX Warning: `h' float specifier changed to `ht'.

<20.png, id=668, 202.7575pt x 150.5625pt>
File: 20.png Graphic file (type png)
 <use 20.png>
Package pdftex.def Info: 20.png used on input line 192.
(pdftex.def)             Requested size: 200.73055pt x 149.05731pt.


LaTeX Warning: `h' float specifier changed to `ht'.

<21.png, id=669, 202.7575pt x 150.5625pt>
File: 21.png Graphic file (type png)
 <use 21.png>
Package pdftex.def Info: 21.png used on input line 199.
(pdftex.def)             Requested size: 200.73055pt x 149.05731pt.


LaTeX Warning: `h' float specifier changed to `ht'.

<22.png, id=670, 202.7575pt x 150.5625pt>
File: 22.png Graphic file (type png)
 <use 22.png>
Package pdftex.def Info: 22.png used on input line 205.
(pdftex.def)             Requested size: 200.73055pt x 149.05731pt.


LaTeX Warning: `h' float specifier changed to `ht'.

<23.png, id=671, 644.4075pt x 269.005pt>
File: 23.png Graphic file (type png)
 <use 23.png>
Package pdftex.def Info: 23.png used on input line 213.
(pdftex.def)             Requested size: 444.64166pt x 185.61363pt.

Overfull \hbox (11.02167pt too wide) in paragraph at lines 213--214
 [] 
 []


LaTeX Warning: `h' float specifier changed to `ht'.

<24.png, id=672, 403.5075pt x 233.87375pt>
File: 24.png Graphic file (type png)
 <use 24.png>
Package pdftex.def Info: 24.png used on input line 221.
(pdftex.def)             Requested size: 359.12054pt x 208.14696pt.


LaTeX Warning: `h' float specifier changed to `ht'.

<25.png, id=673, 483.8075pt x 403.5075pt>
File: 25.png Graphic file (type png)
 <use 25.png>
Package pdftex.def Info: 25.png used on input line 228.
(pdftex.def)             Requested size: 430.58733pt x 359.12054pt.


LaTeX Warning: `h' float specifier changed to `ht'.

<26.png, id=674, 440.64626pt x 573.14125pt>
File: 26.png Graphic file (type png)
 <use 26.png>
Package pdftex.def Info: 26.png used on input line 235.
(pdftex.def)             Requested size: 392.17392pt x 510.0941pt.


LaTeX Warning: `h' float specifier changed to `ht'.

[40 <./17.png>] <27.png, id=679, 353.32pt x 207.77625pt>
File: 27.png Graphic file (type png)
 <use 27.png>
Package pdftex.def Info: 27.png used on input line 243.
(pdftex.def)             Requested size: 314.45381pt x 184.92026pt.


LaTeX Warning: `h' float specifier changed to `ht'.

<28.png, id=680, 481.04718pt x 58.71938pt>
File: 28.png Graphic file (type png)
 <use 28.png>
Package pdftex.def Info: 28.png used on input line 250.
(pdftex.def)             Requested size: 331.92291pt x 40.51639pt.


LaTeX Warning: `h' float specifier changed to `ht'.

<29.png, id=681, 403.5075pt x 167.62625pt>
File: 29.png Graphic file (type png)
 <use 29.png>
Package pdftex.def Info: 29.png used on input line 258.
(pdftex.def)             Requested size: 359.12054pt x 149.18687pt.


LaTeX Warning: `h' float specifier changed to `ht'.

<30.png, id=682, 528.97626pt x 127.47626pt>
File: 30.png Graphic file (type png)
 <use 30.png>
Package pdftex.def Info: 30.png used on input line 265.
(pdftex.def)             Requested size: 470.78738pt x 113.45349pt.

Overfull \hbox (37.16739pt too wide) in paragraph at lines 265--266
 [] 
 []


LaTeX Warning: `h' float specifier changed to `ht'.

<31.png, id=683, 403.5075pt x 113.42375pt>
File: 31.png Graphic file (type png)
 <use 31.png>
Package pdftex.def Info: 31.png used on input line 271.
(pdftex.def)             Requested size: 359.12054pt x 100.94681pt.


LaTeX Warning: `h' float specifier changed to `ht'.

) [41 <./18.png> <./19.png>] [42 <./20.png> <./21.png> <./22.png>] [43 <./23.pn
g> <./24.png>] [44 <./25.png>] [45 <./26.png>] [46 <./27.png> <./28.png> <./29.
png>] [47 <./30.png> <./31.png>]
\openout2 = `ch4.aux'.

 (./ch4.tex
Chapter 6.

Underfull \hbox (badness 10000) in paragraph at lines 5--6
[]\OT1/cmr/m/n/12 Obtained Ex-
 []


Underfull \hbox (badness 10000) in paragraph at lines 5--6
\OT1/cmr/m/n/12 pected Re-sults
 []


Underfull \hbox (badness 1776) in paragraph at lines 7--7
[]\OT1/cmr/m/n/12 It shoud boot and work
 []


Underfull \hbox (badness 1776) in paragraph at lines 9--9
[]\OT1/cmr/m/n/12 It should boot and load
 []


Underfull \hbox (badness 10000) in paragraph at lines 13--13
[]\OT1/cmr/m/n/12 OpenGujarat build with
 []


Underfull \hbox (badness 5548) in paragraph at lines 15--15
[]\OT1/cmr/m/n/12 It should con-vert doc-u-
 []


Underfull \hbox (badness 3250) in paragraph at lines 19--19
[]\OT1/cmr/m/n/12 It should dis-play proper
 []


Overfull \hbox (21.79599pt too wide) in paragraph at lines 3--22
[][] 
 []

[48



]
Underfull \hbox (badness 10000) in paragraph at lines 27--28
[]\OT1/cmr/m/n/12 Obtained Ex-
 []


Underfull \hbox (badness 10000) in paragraph at lines 27--28
\OT1/cmr/m/n/12 pected Re-sults
 []


Overfull \hbox (21.79599pt too wide) in paragraph at lines 25--34
[][] 
 []

[49]
Chapter 7.
[50

]
Chapter 8.
[51

]
Missing character: There is no í in font cmr12!
 [52] [53]
Chapter 9.
) [54

] [55]
Overfull \hbox (24.80026pt too wide) in paragraph at lines 85--86
[]\OT1/cmr/m/n/12 Ubuntu Min-i-mal Disk(https://help.ubuntu.com/community/Insta
llation/MinimalCD) 
 []


Overfull \hbox (39.98631pt too wide) in paragraph at lines 88--89
[]\OT1/cmr/m/n/12 Ubuntu CD Cus-tomiza-tion(https://help.ubuntu.com/community/L
iveCDCustomization) 
 []


Overfull \hbox (5.91167pt too wide) in paragraph at lines 94--95
[]\OT1/cmr/m/n/12 GNU Get-text util-ity (http://www.gnu.org/software/gettext/ma
nual/gettext.html) 
 []

Package atveryend Info: Empty hook `BeforeClearDocument' on input line 98.
[56


]
Package atveryend Info: Empty hook `AfterLastShipout' on input line 98.
 (./main.aux (./Introduction.aux) (./Usecase.aux) (./usermanual.aux)
(./ch4.aux))
Package atveryend Info: Executing hook `AtVeryEndDocument' on input line 98.
Package atveryend Info: Executing hook `AtEndAfterFileList' on input line 98.
Package rerunfilecheck Info: File `main.out' has not changed.
(rerunfilecheck)             Checksum: C343AB8F74A8371FB32EBF992A53C92F;3365.
Package atveryend Info: Empty hook `AtVeryVeryEnd' on input line 98.
 ) 
Here is how much of TeX's memory you used:
 6146 strings out of 495059
 86961 string characters out of 3182031
 166871 words of memory out of 3000000
 8981 multiletter control sequences out of 15000+200000
 11367 words of font info for 42 fonts, out of 3000000 for 9000
 14 hyphenation exceptions out of 8191
 29i,9n,30p,991b,561s stack positions out of 5000i,500n,10000p,200000b,50000s
</usr/share/texlive/texmf-dist/fonts/type1/public/amsfonts/cm/cmbx12.pfb></us
r/share/texlive/texmf-dist/fonts/type1/public/amsfonts/cm/cmr12.pfb></usr/share
/texlive/texmf-dist/fonts/type1/public/amsfonts/cm/cmsl12.pfb></usr/share/texli
ve/texmf-dist/fonts/type1/public/amsfonts/cm/cmsy10.pfb>
Output written on main.pdf (75 pages, 8910214 bytes).
PDF statistics:
 828 PDF objects out of 1000 (max. 8388607)
 686 compressed objects within 7 object streams
 206 named destinations out of 1000 (max. 500000)
 645 words of extra memory for PDF output out of 10000 (max. 10000000)

